2019-06-01 02:38:26,758 INFO Binary found at `/home/chyld/.conda/envs/py37/bin/pyre.bin`
2019-06-01 02:38:26,758 DEBUG Trying with: `/home/chyld/.conda/envs/py37/lib/python3.7/site-packages/pyre_check/pyre_check/typeshed/`
2019-06-01 02:38:26,758 DEBUG Trying with: `/home/chyld/.conda/envs/py37/lib/python3.7/site-packages/pyre_check/typeshed/`
2019-06-01 02:38:26,758 DEBUG Trying with: `/home/chyld/.conda/envs/py37/lib/python3.7/pyre_check/typeshed/`
2019-06-01 02:38:26,759 DEBUG Trying with: `/home/chyld/.conda/envs/py37/lib/pyre_check/typeshed/`
2019-06-01 02:38:26,759 PROMPT Which directory should pyre be initialized in? (Default: `.`): 
2019-06-01 02:38:31,324 INFO Successfully initialized pyre! You can view the configuration at `/home/chyld/Code/kaggle-house-prices-advanced-regression-techniques/.pyre_configuration`.
2019-06-01 02:38:53,302 DEBUG Reading configuration `.pyre_configuration`...
2019-06-01 02:38:53,303 DEBUG Found source_directories: `.`
2019-06-01 02:38:53,303 DEBUG Running `/home/chyld/.conda/envs/py37/bin/pyre.bin check -logging-sections parser -project-root /home/chyld/Code/kaggle-house-prices-advanced-regression-techniques -filter-directories /home/chyld/Code/kaggle-house-prices-advanced-regression-techniques -workers 1 -typeshed /home/chyld/.conda/envs/py37/lib/pyre_check/typeshed/ .`
2019-06-01 02:38:53,323 INFO Finding type stubs in `/home/chyld/Code/kaggle-house-prices-advanced-regression-techniques`...
2019-06-01 02:38:53,327 INFO Finding type stubs in `/home/chyld/.conda/envs/py37/lib/pyre_check/typeshed/third_party`...
2019-06-01 02:38:53,336 INFO Finding type stubs in `/home/chyld/.conda/envs/py37/lib/pyre_check/typeshed/stdlib`...
2019-06-01 02:38:53,437 INFO Parsing 802 stubs and external sources...
2019-06-01 02:38:53,925 PERFORMANCE Stubs parsed: 0.588000s
2019-06-01 02:38:53,939 INFO Parsing 2 sources in `/home/chyld/Code/kaggle-house-prices-advanced-regression-techniques`...
2019-06-01 02:38:53,952 PERFORMANCE Sources parsed: 0.014000s
2019-06-01 02:38:53,952 PERFORMANCE Registered ignores: 0.012000s
2019-06-01 02:38:53,953 INFO Adding environment information to shared memory...
2019-06-01 02:38:53,953 PERFORMANCE Added environment to shared memory: 0.000000s
2019-06-01 02:38:54,054 INFO Building type environment...
2019-06-01 02:38:55,637 PERFORMANCE Full environment built: 1.683000s
2019-06-01 02:38:55,691 MEMORY Shared memory size (size: 15)
2019-06-01 02:38:55,692 PERFORMANCE Filtered directories: 0.054000s
2019-06-01 02:38:55,692 INFO Checking 2 sources...
2019-06-01 02:38:55,723 INFO Running check `TypeCheck`...
2019-06-01 02:38:55,723 INFO Processed 2 of 2 sources
2019-06-01 02:38:55,724 PERFORMANCE Check_TypeCheck: 0.031000s
2019-06-01 02:38:55,738 PERFORMANCE Analyzed sources: 0.032000s
2019-06-01 02:38:55,749 PERFORMANCE Postprocessed: 0.015000s
2019-06-01 02:38:55,760 PERFORMANCE Check: 2.432000s
2019-06-01 02:38:55,761 ERROR Found 4 type errors!

2019-06-01 02:39:43,820 DEBUG Reading configuration `.pyre_configuration`...
2019-06-01 02:39:43,820 DEBUG Found source_directories: `.`
2019-06-01 02:39:43,821 DEBUG Running `/home/chyld/.conda/envs/py37/bin/pyre.bin check -logging-sections parser -project-root /home/chyld/Code/kaggle-house-prices-advanced-regression-techniques -filter-directories /home/chyld/Code/kaggle-house-prices-advanced-regression-techniques -workers 1 -typeshed /home/chyld/.conda/envs/py37/lib/pyre_check/typeshed/ .`
2019-06-01 02:39:43,836 INFO Finding type stubs in `/home/chyld/Code/kaggle-house-prices-advanced-regression-techniques`...
2019-06-01 02:39:43,841 INFO Finding type stubs in `/home/chyld/.conda/envs/py37/lib/pyre_check/typeshed/third_party`...
2019-06-01 02:39:43,850 INFO Finding type stubs in `/home/chyld/.conda/envs/py37/lib/pyre_check/typeshed/stdlib`...
2019-06-01 02:39:43,952 INFO Parsing 802 stubs and external sources...
2019-06-01 02:39:44,444 PERFORMANCE Stubs parsed: 0.593000s
2019-06-01 02:39:44,458 INFO Parsing 2 sources in `/home/chyld/Code/kaggle-house-prices-advanced-regression-techniques`...
2019-06-01 02:39:44,471 PERFORMANCE Sources parsed: 0.015000s
2019-06-01 02:39:44,472 PERFORMANCE Registered ignores: 0.012000s
2019-06-01 02:39:44,472 INFO Adding environment information to shared memory...
2019-06-01 02:39:44,473 PERFORMANCE Added environment to shared memory: 0.000000s
2019-06-01 02:39:44,574 INFO Building type environment...
2019-06-01 02:39:46,111 PERFORMANCE Full environment built: 1.639000s
2019-06-01 02:39:46,166 MEMORY Shared memory size (size: 15)
2019-06-01 02:39:46,167 PERFORMANCE Filtered directories: 0.054000s
2019-06-01 02:39:46,167 INFO Checking 2 sources...
2019-06-01 02:39:46,204 INFO Running check `TypeCheck`...
2019-06-01 02:39:46,204 INFO Processed 2 of 2 sources
2019-06-01 02:39:46,205 PERFORMANCE Check_TypeCheck: 0.038000s
2019-06-01 02:39:46,218 PERFORMANCE Analyzed sources: 0.038000s
2019-06-01 02:39:46,227 PERFORMANCE Postprocessed: 0.014000s
2019-06-01 02:39:46,240 PERFORMANCE Check: 2.394000s
2019-06-01 02:39:46,241 ERROR Found 4 type errors!

